<?xml version="1.0" encoding="UTF-8"?>
<!-- Generated by org.testng.reporters.JUnitReportReporter -->
<testsuite hostname="KOKATE-SR" failures="0" tests="1" name="kiteAppTest.UserNameValidation" time="1.763" errors="0" timestamp="2022-04-07T16:44:36 IST" skipped="0">
  <testcase classname="kiteAppTest.UserNameValidation" name="validateUsername" time="1.763"/>
  <system-out>
    <![CDATA[screenshot taken for TC 1
Validated UserName]]>
  </system-out>
</testsuite> <!-- kiteAppTest.UserNameValidation -->
